{
  "stats": {
    "suites": 10,
    "tests": 10,
    "passes": 9,
    "pending": 0,
    "failures": 1,
    "start": "2023-02-21T15:33:50.631Z",
    "end": "2023-02-21T15:34:02.897Z",
    "duration": 12266,
    "testsRegistered": 10,
    "passPercent": 90,
    "pendingPercent": 0,
    "other": 0,
    "hasOther": false,
    "skipped": 0,
    "hasSkipped": false
  },
  "results": [
    {
      "uuid": "0892f21a-6622-415d-9869-70fd3fd42b4f",
      "title": "",
      "fullFile": "cypress/e2e/2-advanced-examples/cypress_api.cy.js",
      "file": "cypress/e2e/2-advanced-examples/cypress_api.cy.js",
      "beforeHooks": [],
      "afterHooks": [],
      "tests": [],
      "suites": [
        {
          "uuid": "f6a38c43-d921-4c90-8624-07e16677b85f",
          "title": "Cypress.Commands",
          "fullFile": "",
          "file": "",
          "beforeHooks": [],
          "afterHooks": [],
          "tests": [
            {
              "title": ".add() - create a custom command",
              "fullTitle": "Cypress.Commands .add() - create a custom command",
              "timedOut": null,
              "duration": 768,
              "state": "passed",
              "speed": "fast",
              "pass": true,
              "fail": false,
              "pending": false,
              "context": null,
              "code": "Cypress.Commands.add('console', {\n  prevSubject: true\n}, (subject, method) => {\n  // the previous subject is automatically received\n  // and the commands arguments are shifted\n  // allow us to change the console method used\n  method = method || 'log'; // log the subject to the console\n  console[method]('The subject is', subject); // whatever we return becomes the new subject\n  // we don't want to change the subject so\n  // we return whatever was passed in\n  return subject;\n});\ncy.get('button').console('info').then($button => {// subject is still $button\n});",
              "err": {},
              "uuid": "dd8af828-cd4e-40ad-8819-ee287f8d9715",
              "parentUUID": "f6a38c43-d921-4c90-8624-07e16677b85f",
              "isHook": false,
              "skipped": false
            }
          ],
          "suites": [],
          "passes": [
            "dd8af828-cd4e-40ad-8819-ee287f8d9715"
          ],
          "failures": [],
          "pending": [],
          "skipped": [],
          "duration": 768,
          "root": false,
          "rootEmpty": false,
          "_timeout": 2000
        },
        {
          "uuid": "64002dc0-ebaa-4bb0-a417-dbe31d79410d",
          "title": "Cypress.Cookies",
          "fullFile": "",
          "file": "",
          "beforeHooks": [],
          "afterHooks": [],
          "tests": [
            {
              "title": ".debug() - enable or disable debugging",
              "fullTitle": "Cypress.Cookies .debug() - enable or disable debugging",
              "timedOut": null,
              "duration": 469,
              "state": "passed",
              "speed": "fast",
              "pass": true,
              "fail": false,
              "pending": false,
              "context": null,
              "code": "Cypress.Cookies.debug(true); // Cypress will now log in the console when\n// cookies are set or cleared\ncy.setCookie('fakeCookie', '123ABC');\ncy.clearCookie('fakeCookie');\ncy.setCookie('fakeCookie', '123ABC');\ncy.clearCookie('fakeCookie');\ncy.setCookie('fakeCookie', '123ABC');",
              "err": {},
              "uuid": "918fcaa6-7ac0-49cf-99c1-d1cfa868680a",
              "parentUUID": "64002dc0-ebaa-4bb0-a417-dbe31d79410d",
              "isHook": false,
              "skipped": false
            }
          ],
          "suites": [],
          "passes": [
            "918fcaa6-7ac0-49cf-99c1-d1cfa868680a"
          ],
          "failures": [],
          "pending": [],
          "skipped": [],
          "duration": 469,
          "root": false,
          "rootEmpty": false,
          "_timeout": 2000
        },
        {
          "uuid": "1b6b0905-60af-4bf3-ac04-3219685d19bd",
          "title": "Cypress.arch",
          "fullFile": "",
          "file": "",
          "beforeHooks": [],
          "afterHooks": [],
          "tests": [
            {
              "title": "Get CPU architecture name of underlying OS",
              "fullTitle": "Cypress.arch Get CPU architecture name of underlying OS",
              "timedOut": null,
              "duration": 446,
              "state": "passed",
              "speed": "fast",
              "pass": true,
              "fail": false,
              "pending": false,
              "context": null,
              "code": "// https://on.cypress.io/arch\nexpect(Cypress.arch).to.exist;",
              "err": {},
              "uuid": "6f64cb37-57ef-44af-9c4e-71663133887d",
              "parentUUID": "1b6b0905-60af-4bf3-ac04-3219685d19bd",
              "isHook": false,
              "skipped": false
            }
          ],
          "suites": [],
          "passes": [
            "6f64cb37-57ef-44af-9c4e-71663133887d"
          ],
          "failures": [],
          "pending": [],
          "skipped": [],
          "duration": 446,
          "root": false,
          "rootEmpty": false,
          "_timeout": 2000
        },
        {
          "uuid": "57c84c61-5cd5-4d85-9a7c-3438108a78bb",
          "title": "Cypress.config()",
          "fullFile": "",
          "file": "",
          "beforeHooks": [],
          "afterHooks": [],
          "tests": [
            {
              "title": "Get and set configuration options",
              "fullTitle": "Cypress.config() Get and set configuration options",
              "timedOut": null,
              "duration": 1168,
              "state": "failed",
              "speed": null,
              "pass": false,
              "fail": true,
              "pending": false,
              "context": null,
              "code": "// https://on.cypress.io/config\nlet myConfig = Cypress.config();\nexpect(myConfig).to.have.property('animationDistanceThreshold', 5);\nexpect(myConfig).to.have.property('baseUrl', null);\nexpect(myConfig).to.have.property('defaultCommandTimeout', 4000);\nexpect(myConfig).to.have.property('requestTimeout', 5000);\nexpect(myConfig).to.have.property('responseTimeout', 30000);\nexpect(myConfig).to.have.property('viewportHeight', 660);\nexpect(myConfig).to.have.property('viewportWidth', 1000);\nexpect(myConfig).to.have.property('pageLoadTimeout', 60000);\nexpect(myConfig).to.have.property('waitForAnimations', true);\nexpect(Cypress.config('pageLoadTimeout')).to.eq(60000); // this will change the config for the rest of your tests!\nCypress.config('pageLoadTimeout', 20000);\nexpect(Cypress.config('pageLoadTimeout')).to.eq(20000);\nCypress.config('pageLoadTimeout', 60000);",
              "err": {
                "message": "AssertionError: expected { Object (configFile, reporter, ...) } to have property 'baseUrl' of null, but got 'https://conduit-app.ksenijazlatic.com/'",
                "estack": "AssertionError: expected { Object (configFile, reporter, ...) } to have property 'baseUrl' of null, but got 'https://conduit-app.ksenijazlatic.com/'\n    at Context.eval (webpack:///./cypress/e2e/2-advanced-examples/cypress_api.cy.js:75:29)",
                "diff": null
              },
              "uuid": "d40af4e2-c50c-41bf-8db9-e74be1bd3810",
              "parentUUID": "57c84c61-5cd5-4d85-9a7c-3438108a78bb",
              "isHook": false,
              "skipped": false
            }
          ],
          "suites": [],
          "passes": [],
          "failures": [
            "d40af4e2-c50c-41bf-8db9-e74be1bd3810"
          ],
          "pending": [],
          "skipped": [],
          "duration": 1168,
          "root": false,
          "rootEmpty": false,
          "_timeout": 2000
        },
        {
          "uuid": "36ac3524-4924-41b3-a463-6f52e1603b0b",
          "title": "Cypress.dom",
          "fullFile": "",
          "file": "",
          "beforeHooks": [],
          "afterHooks": [],
          "tests": [
            {
              "title": ".isHidden() - determine if a DOM element is hidden",
              "fullTitle": "Cypress.dom .isHidden() - determine if a DOM element is hidden",
              "timedOut": null,
              "duration": 593,
              "state": "passed",
              "speed": "fast",
              "pass": true,
              "fail": false,
              "pending": false,
              "context": null,
              "code": "let hiddenP = Cypress.$('.dom-p p.hidden').get(0);\nlet visibleP = Cypress.$('.dom-p p.visible').get(0); // our first paragraph has css class 'hidden'\nexpect(Cypress.dom.isHidden(hiddenP)).to.be.true;\nexpect(Cypress.dom.isHidden(visibleP)).to.be.false;",
              "err": {},
              "uuid": "06d1a277-cd07-49fd-99bf-9e5083d27be1",
              "parentUUID": "36ac3524-4924-41b3-a463-6f52e1603b0b",
              "isHook": false,
              "skipped": false
            }
          ],
          "suites": [],
          "passes": [
            "06d1a277-cd07-49fd-99bf-9e5083d27be1"
          ],
          "failures": [],
          "pending": [],
          "skipped": [],
          "duration": 593,
          "root": false,
          "rootEmpty": false,
          "_timeout": 2000
        },
        {
          "uuid": "b800094d-d826-4c39-ac02-f14588571cc4",
          "title": "Cypress.env()",
          "fullFile": "",
          "file": "",
          "beforeHooks": [],
          "afterHooks": [],
          "tests": [
            {
              "title": "Get environment variables",
              "fullTitle": "Cypress.env() Get environment variables",
              "timedOut": null,
              "duration": 548,
              "state": "passed",
              "speed": "fast",
              "pass": true,
              "fail": false,
              "pending": false,
              "context": null,
              "code": "// https://on.cypress.io/env\n// set multiple environment variables\nCypress.env({\n  host: 'veronica.dev.local',\n  api_server: 'http://localhost:8888/v1/'\n}); // get environment variable\nexpect(Cypress.env('host')).to.eq('veronica.dev.local'); // set environment variable\nCypress.env('api_server', 'http://localhost:8888/v2/');\nexpect(Cypress.env('api_server')).to.eq('http://localhost:8888/v2/'); // get all environment variable\nexpect(Cypress.env()).to.have.property('host', 'veronica.dev.local');\nexpect(Cypress.env()).to.have.property('api_server', 'http://localhost:8888/v2/');",
              "err": {},
              "uuid": "143d6178-1d91-4954-8b36-af200a8550d4",
              "parentUUID": "b800094d-d826-4c39-ac02-f14588571cc4",
              "isHook": false,
              "skipped": false
            }
          ],
          "suites": [],
          "passes": [
            "143d6178-1d91-4954-8b36-af200a8550d4"
          ],
          "failures": [],
          "pending": [],
          "skipped": [],
          "duration": 548,
          "root": false,
          "rootEmpty": false,
          "_timeout": 2000
        },
        {
          "uuid": "7757b387-5213-4259-8aa9-f67f27573fa0",
          "title": "Cypress.log",
          "fullFile": "",
          "file": "",
          "beforeHooks": [],
          "afterHooks": [],
          "tests": [
            {
              "title": "Control what is printed to the Command Log",
              "fullTitle": "Cypress.log Control what is printed to the Command Log",
              "timedOut": null,
              "duration": 601,
              "state": "passed",
              "speed": "fast",
              "pass": true,
              "fail": false,
              "pending": false,
              "context": null,
              "code": "// https://on.cypress.io/cypress-log",
              "err": {},
              "uuid": "feb1a459-6dea-4abf-9664-711179cd9e47",
              "parentUUID": "7757b387-5213-4259-8aa9-f67f27573fa0",
              "isHook": false,
              "skipped": false
            }
          ],
          "suites": [],
          "passes": [
            "feb1a459-6dea-4abf-9664-711179cd9e47"
          ],
          "failures": [],
          "pending": [],
          "skipped": [],
          "duration": 601,
          "root": false,
          "rootEmpty": false,
          "_timeout": 2000
        },
        {
          "uuid": "c167cc2a-bb8a-4ea4-b045-416c0c2a31b3",
          "title": "Cypress.platform",
          "fullFile": "",
          "file": "",
          "beforeHooks": [],
          "afterHooks": [],
          "tests": [
            {
              "title": "Get underlying OS name",
              "fullTitle": "Cypress.platform Get underlying OS name",
              "timedOut": null,
              "duration": 536,
              "state": "passed",
              "speed": "fast",
              "pass": true,
              "fail": false,
              "pending": false,
              "context": null,
              "code": "// https://on.cypress.io/platform\nexpect(Cypress.platform).to.be.exist;",
              "err": {},
              "uuid": "9415f461-edee-47d2-840d-d21148d57333",
              "parentUUID": "c167cc2a-bb8a-4ea4-b045-416c0c2a31b3",
              "isHook": false,
              "skipped": false
            }
          ],
          "suites": [],
          "passes": [
            "9415f461-edee-47d2-840d-d21148d57333"
          ],
          "failures": [],
          "pending": [],
          "skipped": [],
          "duration": 536,
          "root": false,
          "rootEmpty": false,
          "_timeout": 2000
        },
        {
          "uuid": "26f660d9-40e5-4f5e-9db3-fede4353da16",
          "title": "Cypress.version",
          "fullFile": "",
          "file": "",
          "beforeHooks": [],
          "afterHooks": [],
          "tests": [
            {
              "title": "Get current version of Cypress being run",
              "fullTitle": "Cypress.version Get current version of Cypress being run",
              "timedOut": null,
              "duration": 541,
              "state": "passed",
              "speed": "fast",
              "pass": true,
              "fail": false,
              "pending": false,
              "context": null,
              "code": "// https://on.cypress.io/version\nexpect(Cypress.version).to.be.exist;",
              "err": {},
              "uuid": "77a12bda-a7a7-4c9f-a5db-01055d3393f0",
              "parentUUID": "26f660d9-40e5-4f5e-9db3-fede4353da16",
              "isHook": false,
              "skipped": false
            }
          ],
          "suites": [],
          "passes": [
            "77a12bda-a7a7-4c9f-a5db-01055d3393f0"
          ],
          "failures": [],
          "pending": [],
          "skipped": [],
          "duration": 541,
          "root": false,
          "rootEmpty": false,
          "_timeout": 2000
        },
        {
          "uuid": "5b977619-96cf-431d-8074-6b09df297ceb",
          "title": "Cypress.spec",
          "fullFile": "",
          "file": "",
          "beforeHooks": [],
          "afterHooks": [],
          "tests": [
            {
              "title": "Get current spec information",
              "fullTitle": "Cypress.spec Get current spec information",
              "timedOut": null,
              "duration": 541,
              "state": "passed",
              "speed": "fast",
              "pass": true,
              "fail": false,
              "pending": false,
              "context": null,
              "code": "// https://on.cypress.io/spec\n// wrap the object so we can inspect it easily by clicking in the command log\ncy.wrap(Cypress.spec).should('include.keys', ['name', 'relative', 'absolute']);",
              "err": {},
              "uuid": "7ef523f2-29ac-4887-8f69-cdfaf7120fb1",
              "parentUUID": "5b977619-96cf-431d-8074-6b09df297ceb",
              "isHook": false,
              "skipped": false
            }
          ],
          "suites": [],
          "passes": [
            "7ef523f2-29ac-4887-8f69-cdfaf7120fb1"
          ],
          "failures": [],
          "pending": [],
          "skipped": [],
          "duration": 541,
          "root": false,
          "rootEmpty": false,
          "_timeout": 2000
        }
      ],
      "passes": [],
      "failures": [],
      "pending": [],
      "skipped": [],
      "duration": 0,
      "root": true,
      "rootEmpty": true,
      "_timeout": 2000
    }
  ],
  "meta": {
    "mocha": {
      "version": "7.0.1"
    },
    "mochawesome": {
      "options": {
        "quiet": false,
        "reportFilename": "mochawesome",
        "saveHtml": false,
        "saveJson": true,
        "consoleReporter": "spec",
        "useInlineDiffs": false,
        "code": true
      },
      "version": "7.1.3"
    },
    "marge": {
      "options": {
        "reportDir": "cypress/results",
        "overwrite": false,
        "html": false,
        "json": true
      },
      "version": "6.2.0"
    }
  }
}