{
  "stats": {
    "suites": 1,
    "tests": 1,
    "passes": 1,
    "pending": 0,
    "failures": 0,
    "start": "2023-02-21T15:30:24.926Z",
    "end": "2023-02-21T15:30:33.241Z",
    "duration": 8315,
    "testsRegistered": 1,
    "passPercent": 100,
    "pendingPercent": 0,
    "other": 0,
    "hasOther": false,
    "skipped": 0,
    "hasSkipped": false
  },
  "results": [
    {
      "uuid": "600b6d7d-683a-47dc-9de2-fbd75d716564",
      "title": "",
      "fullFile": "cypress/e2e/1-getting-started/homePage.cy.js",
      "file": "cypress/e2e/1-getting-started/homePage.cy.js",
      "beforeHooks": [],
      "afterHooks": [],
      "tests": [],
      "suites": [
        {
          "uuid": "6e75f21f-db05-430f-9834-8d05dcdd39e2",
          "title": "Login Page tests",
          "fullFile": "",
          "file": "",
          "beforeHooks": [],
          "afterHooks": [],
          "tests": [
            {
              "title": "Global feed test",
              "fullTitle": "Login Page tests Global feed test",
              "timedOut": null,
              "duration": 8200,
              "state": "passed",
              "speed": "medium",
              "pass": true,
              "fail": false,
              "pending": false,
              "context": null,
              "code": "cy.intercept('GET', '/api/articles/feed*', {\n  \"articles\": [],\n  \"articlesCount\": 0\n});\ncy.intercept('GET', '/api/articles*', {\n  fixture: 'articles.json'\n}).as('artList');\n_homePage.homePage.globalFeedBtn.click();\ncy.get('app-article-list button').then(heartList => {\n  expect(heartList[0]).to.contain('1');\n  expect(heartList[1]).to.contain('5');\n});\ncy.fixture('articles').then(file => {\n  const artLink = file.articles[1].slug;\n  file.articles[1].favoritesCount = 6;\n  cy.intercept('POST', '/api/articles/' + artLink + '/favorite', file);\n});\ncy.get('app-article-list button').eq(1).click().should('contain', '6');",
              "err": {},
              "uuid": "fdb813b2-368e-462f-bde4-5207662a28d2",
              "parentUUID": "6e75f21f-db05-430f-9834-8d05dcdd39e2",
              "isHook": false,
              "skipped": false
            }
          ],
          "suites": [],
          "passes": [
            "fdb813b2-368e-462f-bde4-5207662a28d2"
          ],
          "failures": [],
          "pending": [],
          "skipped": [],
          "duration": 8200,
          "root": false,
          "rootEmpty": false,
          "_timeout": 2000
        }
      ],
      "passes": [],
      "failures": [],
      "pending": [],
      "skipped": [],
      "duration": 0,
      "root": true,
      "rootEmpty": true,
      "_timeout": 2000
    }
  ],
  "meta": {
    "mocha": {
      "version": "7.0.1"
    },
    "mochawesome": {
      "options": {
        "quiet": false,
        "reportFilename": "mochawesome",
        "saveHtml": false,
        "saveJson": true,
        "consoleReporter": "spec",
        "useInlineDiffs": false,
        "code": true
      },
      "version": "7.1.3"
    },
    "marge": {
      "options": {
        "reportDir": "cypress/results",
        "overwrite": false,
        "html": false,
        "json": true
      },
      "version": "6.2.0"
    }
  }
}