{
  "stats": {
    "suites": 1,
    "tests": 1,
    "passes": 1,
    "pending": 0,
    "failures": 0,
    "start": "2023-02-21T15:31:08.003Z",
    "end": "2023-02-21T15:31:13.565Z",
    "duration": 5562,
    "testsRegistered": 1,
    "passPercent": 100,
    "pendingPercent": 0,
    "other": 0,
    "hasOther": false,
    "skipped": 0,
    "hasSkipped": false
  },
  "results": [
    {
      "uuid": "c0c06c88-00ad-4fb3-99e0-01007fc2a9cf",
      "title": "",
      "fullFile": "cypress/e2e/1-getting-started/register.cy.js",
      "file": "cypress/e2e/1-getting-started/register.cy.js",
      "beforeHooks": [],
      "afterHooks": [],
      "tests": [],
      "suites": [
        {
          "uuid": "e8a9fa11-d99b-4f47-bec6-b1bba4acd728",
          "title": "Login Page tests",
          "fullFile": "",
          "file": "",
          "beforeHooks": [],
          "afterHooks": [],
          "tests": [
            {
              "title": "Register with valid data",
              "fullTitle": "Login Page tests Register with valid data",
              "timedOut": null,
              "duration": 5410,
              "state": "passed",
              "speed": "medium",
              "pass": true,
              "fail": false,
              "pending": false,
              "context": null,
              "code": "_registerPage.regPage.register(Cypress.env('validUserName'), Cypress.env('validEmail'), Cypress.env('validPassword'));",
              "err": {},
              "uuid": "55c79497-5817-4657-8e6e-9642638a171f",
              "parentUUID": "e8a9fa11-d99b-4f47-bec6-b1bba4acd728",
              "isHook": false,
              "skipped": false
            }
          ],
          "suites": [],
          "passes": [
            "55c79497-5817-4657-8e6e-9642638a171f"
          ],
          "failures": [],
          "pending": [],
          "skipped": [],
          "duration": 5410,
          "root": false,
          "rootEmpty": false,
          "_timeout": 2000
        }
      ],
      "passes": [],
      "failures": [],
      "pending": [],
      "skipped": [],
      "duration": 0,
      "root": true,
      "rootEmpty": true,
      "_timeout": 2000
    }
  ],
  "meta": {
    "mocha": {
      "version": "7.0.1"
    },
    "mochawesome": {
      "options": {
        "quiet": false,
        "reportFilename": "mochawesome",
        "saveHtml": false,
        "saveJson": true,
        "consoleReporter": "spec",
        "useInlineDiffs": false,
        "code": true
      },
      "version": "7.1.3"
    },
    "marge": {
      "options": {
        "reportDir": "cypress/results",
        "overwrite": false,
        "html": false,
        "json": true
      },
      "version": "6.2.0"
    }
  }
}