{
  "stats": {
    "suites": 1,
    "tests": 1,
    "passes": 1,
    "pending": 0,
    "failures": 0,
    "start": "2023-02-21T15:31:21.410Z",
    "end": "2023-02-21T15:31:27.466Z",
    "duration": 6056,
    "testsRegistered": 1,
    "passPercent": 100,
    "pendingPercent": 0,
    "other": 0,
    "hasOther": false,
    "skipped": 0,
    "hasSkipped": false
  },
  "results": [
    {
      "uuid": "894cd80c-e336-4a21-8122-ef368db48229",
      "title": "",
      "fullFile": "cypress/e2e/1-getting-started/tags.cy.js",
      "file": "cypress/e2e/1-getting-started/tags.cy.js",
      "beforeHooks": [],
      "afterHooks": [],
      "tests": [],
      "suites": [
        {
          "uuid": "30668f65-d165-4b6e-8a2d-dd095fbdbb71",
          "title": "Tags tests",
          "fullFile": "",
          "file": "",
          "beforeHooks": [],
          "afterHooks": [],
          "tests": [
            {
              "title": " Verify popular tags display",
              "fullTitle": "Tags tests  Verify popular tags display",
              "timedOut": null,
              "duration": 5716,
              "state": "passed",
              "speed": "medium",
              "pass": true,
              "fail": false,
              "pending": false,
              "context": null,
              "code": "cy.get('.tag-list').should('contain', 'cypress').should('contain', 'automation').should('contain', 'testing').should('contain', 'project');",
              "err": {},
              "uuid": "7258739d-b973-4652-b5ae-9470d3876668",
              "parentUUID": "30668f65-d165-4b6e-8a2d-dd095fbdbb71",
              "isHook": false,
              "skipped": false
            }
          ],
          "suites": [],
          "passes": [
            "7258739d-b973-4652-b5ae-9470d3876668"
          ],
          "failures": [],
          "pending": [],
          "skipped": [],
          "duration": 5716,
          "root": false,
          "rootEmpty": false,
          "_timeout": 2000
        }
      ],
      "passes": [],
      "failures": [],
      "pending": [],
      "skipped": [],
      "duration": 0,
      "root": true,
      "rootEmpty": true,
      "_timeout": 2000
    }
  ],
  "meta": {
    "mocha": {
      "version": "7.0.1"
    },
    "mochawesome": {
      "options": {
        "quiet": false,
        "reportFilename": "mochawesome",
        "saveHtml": false,
        "saveJson": true,
        "consoleReporter": "spec",
        "useInlineDiffs": false,
        "code": true
      },
      "version": "7.1.3"
    },
    "marge": {
      "options": {
        "reportDir": "cypress/results",
        "overwrite": false,
        "html": false,
        "json": true
      },
      "version": "6.2.0"
    }
  }
}