<?xml version="1.0" encoding="UTF-8"?>
<testsuites name="Mocha Tests" time="4.994" tests="6" failures="0">
  <testsuite name="Root Suite" timestamp="2023-02-21T15:20:36" tests="0" file="cypress/e2e/1-getting-started/todo.cy.js" time="0.000" failures="0">
  </testsuite>
  <testsuite name="example to-do app" timestamp="2023-02-21T15:20:36" tests="3" time="0.000" failures="0">
    <testcase name="example to-do app displays two todo items by default" time="0.759" classname="displays two todo items by default">
    </testcase>
    <testcase name="example to-do app can add new todo items" time="0.580" classname="can add new todo items">
    </testcase>
    <testcase name="example to-do app can check off an item as completed" time="0.295" classname="can check off an item as completed">
    </testcase>
  </testsuite>
  <testsuite name="with a checked task" timestamp="2023-02-21T15:20:40" tests="3" time="1.274" failures="0">
    <testcase name="example to-do app with a checked task can filter for uncompleted tasks" time="0.421" classname="can filter for uncompleted tasks">
    </testcase>
    <testcase name="example to-do app with a checked task can filter for completed tasks" time="0.446" classname="can filter for completed tasks">
    </testcase>
    <testcase name="example to-do app with a checked task can delete all completed tasks" time="0.386" classname="can delete all completed tasks">
    </testcase>
  </testsuite>
</testsuites>