<?xml version="1.0" encoding="UTF-8"?>
<testsuites name="Mocha Tests" time="5.654" tests="10" failures="1">
  <testsuite name="Root Suite" timestamp="2023-02-21T15:21:49" tests="0" file="cypress/e2e/2-advanced-examples/cypress_api.cy.js" time="0.000" failures="0">
  </testsuite>
  <testsuite name="Cypress.Commands" timestamp="2023-02-21T15:21:49" tests="1" time="2.446" failures="0">
    <testcase name="Cypress.Commands .add() - create a custom command" time="0.436" classname=".add() - create a custom command">
    </testcase>
  </testsuite>
  <testsuite name="Cypress.Cookies" timestamp="2023-02-21T15:21:51" tests="1" time="0.234" failures="0">
    <testcase name="Cypress.Cookies .debug() - enable or disable debugging" time="0.232" classname=".debug() - enable or disable debugging">
    </testcase>
  </testsuite>
  <testsuite name="Cypress.arch" timestamp="2023-02-21T15:21:52" tests="1" time="0.171" failures="0">
    <testcase name="Cypress.arch Get CPU architecture name of underlying OS" time="0.160" classname="Get CPU architecture name of underlying OS">
    </testcase>
  </testsuite>
  <testsuite name="Cypress.config()" timestamp="2023-02-21T15:21:52" tests="1" time="1.651" failures="1">
    <testcase name="Cypress.config() Get and set configuration options" time="0.488" classname="Get and set configuration options">
      <failure message="expected { Object (configFile, reporter, ...) } to have property &apos;baseUrl&apos; of null, but got &apos;https://conduit-app.ksenijazlatic.com/&apos;" type="AssertionError"><![CDATA[AssertionError: expected { Object (configFile, reporter, ...) } to have property 'baseUrl' of null, but got 'https://conduit-app.ksenijazlatic.com/'
    at Context.eval (webpack:///./cypress/e2e/2-advanced-examples/cypress_api.cy.js:75:29)

      + expected - actual:  failed to generate Mocha diff
]]></failure>
    </testcase>
  </testsuite>
  <testsuite name="Cypress.dom" timestamp="2023-02-21T15:21:53" tests="1" time="0.179" failures="0">
    <testcase name="Cypress.dom .isHidden() - determine if a DOM element is hidden" time="0.202" classname=".isHidden() - determine if a DOM element is hidden">
    </testcase>
  </testsuite>
  <testsuite name="Cypress.env()" timestamp="2023-02-21T15:21:54" tests="1" time="0.183" failures="0">
    <testcase name="Cypress.env() Get environment variables" time="0.171" classname="Get environment variables">
    </testcase>
  </testsuite>
  <testsuite name="Cypress.log" timestamp="2023-02-21T15:21:54" tests="1" time="0.176" failures="0">
    <testcase name="Cypress.log Control what is printed to the Command Log" time="0.165" classname="Control what is printed to the Command Log">
    </testcase>
  </testsuite>
  <testsuite name="Cypress.platform" timestamp="2023-02-21T15:21:54" tests="1" time="0.182" failures="0">
    <testcase name="Cypress.platform Get underlying OS name" time="0.173" classname="Get underlying OS name">
    </testcase>
  </testsuite>
  <testsuite name="Cypress.version" timestamp="2023-02-21T15:21:54" tests="1" time="0.192" failures="0">
    <testcase name="Cypress.version Get current version of Cypress being run" time="0.168" classname="Get current version of Cypress being run">
    </testcase>
  </testsuite>
  <testsuite name="Cypress.spec" timestamp="2023-02-21T15:21:54" tests="1" time="0.201" failures="0">
    <testcase name="Cypress.spec Get current spec information" time="0.194" classname="Get current spec information">
    </testcase>
  </testsuite>
</testsuites>