<?xml version="1.0" encoding="UTF-8"?>
<testsuites name="Mocha Tests" time="5.158" tests="7" failures="0">
  <testsuite name="Root Suite" timestamp="2023-02-21T14:12:37" tests="0" file="cypress/e2e/2-advanced-examples/cookies.cy.js" time="0.000" failures="0">
  </testsuite>
  <testsuite name="Cookies" timestamp="2023-02-21T14:12:37" tests="7" time="5.130" failures="0">
    <testcase name="Cookies cy.getCookie() - get a browser cookie" time="0.686" classname="cy.getCookie() - get a browser cookie">
    </testcase>
    <testcase name="Cookies cy.getCookies() - get browser cookies for the current domain" time="0.503" classname="cy.getCookies() - get browser cookies for the current domain">
    </testcase>
    <testcase name="Cookies cy.getAllCookies() - get all browser cookies" time="0.284" classname="cy.getAllCookies() - get all browser cookies">
    </testcase>
    <testcase name="Cookies cy.setCookie() - set a browser cookie" time="0.231" classname="cy.setCookie() - set a browser cookie">
    </testcase>
    <testcase name="Cookies cy.clearCookie() - clear a browser cookie" time="0.413" classname="cy.clearCookie() - clear a browser cookie">
    </testcase>
    <testcase name="Cookies cy.clearCookies() - clear browser cookies for the current domain" time="0.399" classname="cy.clearCookies() - clear browser cookies for the current domain">
    </testcase>
    <testcase name="Cookies cy.clearAllCookies() - clear all browser cookies" time="0.304" classname="cy.clearAllCookies() - clear all browser cookies">
    </testcase>
  </testsuite>
</testsuites>