<?xml version="1.0" encoding="UTF-8"?>
<testsuites name="Mocha Tests" time="4.436" tests="8" failures="0">
  <testsuite name="Root Suite" timestamp="2023-02-21T14:12:28" tests="0" file="cypress/e2e/2-advanced-examples/connectors.cy.js" time="0.000" failures="0">
  </testsuite>
  <testsuite name="Connectors" timestamp="2023-02-21T14:12:28" tests="4" time="0.000" failures="0">
    <testcase name="Connectors .each() - iterate over an array of elements" time="0.430" classname=".each() - iterate over an array of elements">
    </testcase>
    <testcase name="Connectors .its() - get properties on the current subject" time="0.194" classname=".its() - get properties on the current subject">
    </testcase>
    <testcase name="Connectors .invoke() - invoke a function on the current subject" time="0.219" classname=".invoke() - invoke a function on the current subject">
    </testcase>
    <testcase name="Connectors .spread() - spread an array as individual args to callback function" time="0.231" classname=".spread() - spread an array as individual args to callback function">
    </testcase>
  </testsuite>
  <testsuite name=".then()" timestamp="2023-02-21T14:12:31" tests="4" time="1.161" failures="0">
    <testcase name="Connectors .then() invokes a callback function with the current subject" time="0.259" classname="invokes a callback function with the current subject">
    </testcase>
    <testcase name="Connectors .then() yields the returned value to the next command" time="0.302" classname="yields the returned value to the next command">
    </testcase>
    <testcase name="Connectors .then() yields the original subject without return" time="0.213" classname="yields the original subject without return">
    </testcase>
    <testcase name="Connectors .then() yields the value yielded by the last Cypress command inside" time="0.363" classname="yields the value yielded by the last Cypress command inside">
    </testcase>
  </testsuite>
</testsuites>