<?xml version="1.0" encoding="UTF-8"?>
<testsuites name="Mocha Tests" time="4.543" tests="1" failures="0">
  <testsuite name="Root Suite" timestamp="2023-02-21T15:20:17" tests="0" file="cypress/e2e/1-getting-started/register.cy.js" time="0.000" failures="0">
  </testsuite>
  <testsuite name="Login Page tests" timestamp="2023-02-21T15:20:17" tests="1" time="4.515" failures="0">
    <testcase name="Login Page tests Register with valid data" time="4.482" classname="Register with valid data">
    </testcase>
  </testsuite>
</testsuites>