<?xml version="1.0" encoding="UTF-8"?>
<testsuites name="Mocha Tests" time="9.545" tests="10" failures="1">
  <testsuite name="Root Suite" timestamp="2023-02-21T14:12:48" tests="0" file="cypress/e2e/2-advanced-examples/cypress_api.cy.js" time="0.000" failures="0">
  </testsuite>
  <testsuite name="Cypress.Commands" timestamp="2023-02-21T14:12:48" tests="1" time="3.575" failures="0">
    <testcase name="Cypress.Commands .add() - create a custom command" time="0.622" classname=".add() - create a custom command">
    </testcase>
  </testsuite>
  <testsuite name="Cypress.Cookies" timestamp="2023-02-21T14:12:51" tests="1" time="0.524" failures="0">
    <testcase name="Cypress.Cookies .debug() - enable or disable debugging" time="0.486" classname=".debug() - enable or disable debugging">
    </testcase>
  </testsuite>
  <testsuite name="Cypress.arch" timestamp="2023-02-21T14:12:52" tests="1" time="0.350" failures="0">
    <testcase name="Cypress.arch Get CPU architecture name of underlying OS" time="0.355" classname="Get CPU architecture name of underlying OS">
    </testcase>
  </testsuite>
  <testsuite name="Cypress.config()" timestamp="2023-02-21T14:12:52" tests="1" time="2.959" failures="1">
    <testcase name="Cypress.config() Get and set configuration options" time="0.713" classname="Get and set configuration options">
      <failure message="expected { Object (configFile, reporter, ...) } to have property &apos;baseUrl&apos; of null, but got &apos;https://conduit-app.ksenijazlatic.com/&apos;" type="AssertionError"><![CDATA[AssertionError: expected { Object (configFile, reporter, ...) } to have property 'baseUrl' of null, but got 'https://conduit-app.ksenijazlatic.com/'
    at Context.eval (webpack:///./cypress/e2e/2-advanced-examples/cypress_api.cy.js:75:29)

      + expected - actual:  failed to generate Mocha diff
]]></failure>
    </testcase>
  </testsuite>
  <testsuite name="Cypress.dom" timestamp="2023-02-21T14:12:55" tests="1" time="0.265" failures="0">
    <testcase name="Cypress.dom .isHidden() - determine if a DOM element is hidden" time="0.278" classname=".isHidden() - determine if a DOM element is hidden">
    </testcase>
  </testsuite>
  <testsuite name="Cypress.env()" timestamp="2023-02-21T14:12:55" tests="1" time="0.343" failures="0">
    <testcase name="Cypress.env() Get environment variables" time="0.312" classname="Get environment variables">
    </testcase>
  </testsuite>
  <testsuite name="Cypress.log" timestamp="2023-02-21T14:12:56" tests="1" time="0.426" failures="0">
    <testcase name="Cypress.log Control what is printed to the Command Log" time="0.387" classname="Control what is printed to the Command Log">
    </testcase>
  </testsuite>
  <testsuite name="Cypress.platform" timestamp="2023-02-21T14:12:56" tests="1" time="0.327" failures="0">
    <testcase name="Cypress.platform Get underlying OS name" time="0.302" classname="Get underlying OS name">
    </testcase>
  </testsuite>
  <testsuite name="Cypress.version" timestamp="2023-02-21T14:12:56" tests="1" time="0.274" failures="0">
    <testcase name="Cypress.version Get current version of Cypress being run" time="0.252" classname="Get current version of Cypress being run">
    </testcase>
  </testsuite>
  <testsuite name="Cypress.spec" timestamp="2023-02-21T14:12:57" tests="1" time="0.444" failures="0">
    <testcase name="Cypress.spec Get current spec information" time="0.436" classname="Get current spec information">
    </testcase>
  </testsuite>
</testsuites>